[1024/181247.674:ERROR:directory_reader_win.cc(43)] FindFirstFile: The system cannot find the path specified. (0x3)
[1029/194740.843:ERROR:directory_reader_win.cc(43)] FindFirstFile: The system cannot find the path specified. (0x3)
[1102/095618.701:ERROR:directory_reader_win.cc(43)] FindFirstFile: The system cannot find the path specified. (0x3)
[1103/033518.543:ERROR:process_info.cc(329)] VirtualQueryEx: Access is denied. (0x5)
[1103/033518.559:ERROR:process_info.cc(556)] ReadMemoryInfo failed
[1103/033518.311:ERROR:process_info.cc(118)] ReadProcessMemory bool __cdecl crashpad::(anonymous namespace)::ReadStruct(HANDLE, crashpad::WinVMAddress, T *) [T = crashpad::process_types::PEB<crashpad::process_types::internal::Traits64>]: Only part of a ReadProcessMemory or WriteProcessMemory request was completed. (0x12B)
[1103/033518.311:ERROR:process_info.cc(118)] ReadProcessMemory bool __cdecl crashpad::(anonymous namespace)::ReadStruct(HANDLE, crashpad::WinVMAddress, T *) [T = crashpad::process_types::PEB<crashpad::process_types::internal::Traits64>]: Only part of a ReadProcessMemory or WriteProcessMemory request was completed. (0x12B)
[1103/033518.621:ERROR:process_info.cc(551)] ReadProcessData failed
[1103/033518.621:ERROR:process_info.cc(551)] ReadProcessData failed
[1103/033518.713:ERROR:process_memory_win.cc(39)] Failed to initialize ProcessInfo.
[1103/033518.894:ERROR:process_memory_win.cc(73)] ReadMemory at 0x7ff8470b6e00 of 12 bytes failed: Only part of a ReadProcessMemory or WriteProcessMemory request was completed. (0x12B)
[1103/033518.894:WARNING:process_snapshot_win.cc(71)] ReadMemory ExceptionInformation failed
[1103/033518.894:ERROR:process_memory_win.cc(73)] ReadMemory at 0x7ff8470b6e00 of 12 bytes failed: Only part of a ReadProcessMemory or WriteProcessMemory request was completed. (0x12B)
[1103/033518.894:WARNING:process_snapshot_win.cc(71)] ReadMemory ExceptionInformation failed
[1103/033518.894:ERROR:process_memory_win.cc(73)] ReadMemory at 0x7ff8470b6e00 of 12 bytes failed: Only part of a ReadProcessMemory or WriteProcessMemory request was completed. (0x12B)
[1103/033518.894:ERROR:process_memory_win.cc(73)] ReadMemory at 0x7ff8470b6e00 of 12 bytes failed: Only part of a ReadProcessMemory or WriteProcessMemory request was completed. (0x12B)
[1103/033518.894:WARNING:process_snapshot_win.cc(71)] ReadMemory ExceptionInformation failed
[1103/033518.894:WARNING:process_snapshot_win.cc(71)] ReadMemory ExceptionInformation failed
[1103/033518.894:ERROR:process_memory_win.cc(73)] ReadMemory at 0x7ff8470b6e00 of 12 bytes failed: Only part of a ReadProcessMemory or WriteProcessMemory request was completed. (0x12B)
[1103/033518.894:ERROR:process_memory_win.cc(73)] ReadMemory at 0x7ff8470b6e00 of 12 bytes failed: Only part of a ReadProcessMemory or WriteProcessMemory request was completed. (0x12B)
[1103/033518.894:WARNING:process_snapshot_win.cc(71)] ReadMemory ExceptionInformation failed
[1103/033518.894:WARNING:process_snapshot_win.cc(71)] ReadMemory ExceptionInformation failed
[1103/033518.894:ERROR:process_memory_win.cc(73)] ReadMemory at 0x7ff8470b6e00 of 12 bytes failed: Only part of a ReadProcessMemory or WriteProcessMemory request was completed. (0x12B)
[1103/033518.894:WARNING:process_snapshot_win.cc(71)] ReadMemory ExceptionInformation failed
